[2026-06-20 08:52:25] GET /admin_sys/login
COOKIES: []
POST: []

[2026-06-20 08:52:51] POST /admin_sys/login
COOKIES: {"XSRF-TOKEN":"eyJpdiI6IlE2dHdWcTVZcHpKU09KNkl2N3RoWXc9PSIsInZhbHVlIjoiMTM5MDNuVXRBcVZTZEVUUzRsTkhkVzlhcEhFN2JJZ29ISTZSYndvQTdyZnBuQlMvZTZ3L0QyZlFIRmxJRXNkcGhCVFdBZ0NaaHliYy9vRjhySStEMFE0RTRucWc2UTZIU0NNN1NXNUFhNXFRRUxGQmdiS0ZtR0JHM0s4NTZRY2EiLCJtYWMiOiJkZTQ3MjY4ZjI2NzA2ZDY5NjU2MTFjYjY4ZWQ2ODJkNGM4NjIzZmVhMWNkN2RiMGFhMjZmOWZiOTZjNGFkYjM3IiwidGFnIjoiIn0=","cracker_demo_session":"eyJpdiI6IjZkU05Xdk0zNzYrMnUwYkVUY3F4U3c9PSIsInZhbHVlIjoiTkFrV2FMYmFPK3pjaDVxcG1QVFJreDhyUnBaUWg0MCtWS3JubGVzd0l0aG84SU1NWW51UDc1TjVGVXkyTkxUeUYzTnVPamh1UGNPbWY3QTF6RURpNnN5N0lrc1N6S2Y5eWJ1VXVid2FYbUFqR0lnN3Y0WkZNRTVBdmdxcFlQWVgiLCJtYWMiOiI2NTBmMDA4MTU5ODdkMzQyNzM3MDRkZGJlYmM4YzlhYWQ1MDg1YjFhZTI4ZmMwZDVmMWNiNTkwNzY1ODQ4NzgzIiwidGFnIjoiIn0="}
POST: {"_token":"iZxi0ETsMJqMDNHuYZH1jLT0NET1fEyfmFQGKGIb","username":"superadmin","password":"superaddmin123"}

[2026-06-20 08:52:56] GET /admin_sys/login
COOKIES: {"XSRF-TOKEN":"eyJpdiI6IlE2dHdWcTVZcHpKU09KNkl2N3RoWXc9PSIsInZhbHVlIjoiMTM5MDNuVXRBcVZTZEVUUzRsTkhkVzlhcEhFN2JJZ29ISTZSYndvQTdyZnBuQlMvZTZ3L0QyZlFIRmxJRXNkcGhCVFdBZ0NaaHliYy9vRjhySStEMFE0RTRucWc2UTZIU0NNN1NXNUFhNXFRRUxGQmdiS0ZtR0JHM0s4NTZRY2EiLCJtYWMiOiJkZTQ3MjY4ZjI2NzA2ZDY5NjU2MTFjYjY4ZWQ2ODJkNGM4NjIzZmVhMWNkN2RiMGFhMjZmOWZiOTZjNGFkYjM3IiwidGFnIjoiIn0=","cracker_demo_session":"eyJpdiI6IlhSTUhXSzNNSGljZVFNUUJ6WFJxRlE9PSIsInZhbHVlIjoiaVVsNituYk90QnhuUTZVaVhxZGZRa1ROMXhYVkpKbUEreXF1VzNIZS9hMmN6bk8ybENLTzYzTGpsTWh0NHB1Z3NYZ3BoN2JRMjlMSVoybkZVZE8wcUZNUUE4eE84MkkrNHczNFhHYVZMNWU3M1JURGhJOEN2MG9RNEdlRDJIRFYiLCJtYWMiOiIxOTM5NDQ2MWE3MWFmZmZjZWEzYjM1N2QyNTExZDU0N2ZlMmUwZDJmYTgxODRkM2UwZTY4MzQ1MTJlZjQwYmUzIiwidGFnIjoiIn0="}
POST: []

[2026-06-20 08:53:15] POST /admin_sys/login
COOKIES: {"XSRF-TOKEN":"eyJpdiI6IjUvVXpjOElNMWwrVUhnYjFDVlN1MUE9PSIsInZhbHVlIjoidFZGbi9hRzBPYlFlUjEwaGFuVXdOc1R5OHZmc2VRb2E0SGZvNXFXYUpXWmFpVmZzUTJRWkN5SEZ4UE1DY0pJcFJ5MjZZQ3kwWC9ORERCTEh0YjBvMDV6cVIwOElpWTFRUVUvVmlvY2tiQnFYS2FqdDR5eXo3cHNtNDV5K0lXWkgiLCJtYWMiOiIwOWFmMzk0ZjkzMGExZjczMmE4MDZjMjhiYThjOThkODQ3OTI2NGExNjkyZWRhZTZiNmFjNDE3NWU1MjQxM2M4IiwidGFnIjoiIn0=","cracker_demo_session":"eyJpdiI6Ilh1Q2ZIV3pkVUdBWnNtOWdzUlhoQnc9PSIsInZhbHVlIjoiaXgvaGNSTXdUdU5zTzRndXNqclJnVlBKbUd2ckdYWi80a0podHdhOHh2K2pEZm5NbFlTRTc0a2hRQWx6WUs0cm0rb1Y1eWV4L0dKb255QmZ4UE1zYlBnRkUzR0ttcHVkYzMxKzdmdDJCYW8rZjBZRUd3ZURUUHdxbHYrcU1DVTgiLCJtYWMiOiI1YTdkYWFiZjZhNGFmOGU2Y2JjMjQ0ODI3MDNlMjllMTk5ZTdiMDRkYzUxOGQ2MDZkMTAwMzk5ZDhiYmI2ZGRhIiwidGFnIjoiIn0="}
POST: {"_token":"kpaz2or2t7HsF6ntPiso9DWXbukkmEoYVz6DOzyS","username":"superadmin","password":"superadmin123"}

[2026-06-20 08:54:07] POST /admin_sys/login
COOKIES: []
POST: {"username":"superadmin","password":"superadmin123"}

[2026-06-20 13:52:12] GET /admin_sys/login
COOKIES: {"XSRF-TOKEN":"eyJpdiI6IjhEamJ5R01jYm1SWlpZcFVpVjRxM0E9PSIsInZhbHVlIjoiNlZ1S0dJRUNwbXlJREFFSUE1bnVGNVJRRHlHYXNzNUpVb2ZzdFdZYThMa3prMXhLRG1CVXF6SURsWUxZci9mejJLZFRvc3pDcThvakVta3VNTWxFTXUvZ1k4Wlk0WkgvRkV4WWhuVGNxMThXS2NQcGNIdDdOUUV0VUpoa2svc1ciLCJtYWMiOiIxZTk5ZGU2NWM1ZGUwZTIxZWE2MGM5NDc3OGQ4ODYwN2QxZTM1OWNhOTU4ZThiZDQzMGE2YThiNTQ5NDIwN2RiIiwidGFnIjoiIn0=","cracker_demo_session":"eyJpdiI6IlVUcmVsaWY4cHRJd0I3Z0swdUhMalE9PSIsInZhbHVlIjoiMVNFcndTTkdPbFRxd0RwQ2EzaVg4QVM3ODJYSW5KRGNldEhNRURrNWgyMzA0YzVTbWlHUzRkMzRaQituTjZzbzh5VFBVRWZ2ZkhvUXMwLy9nZE10U05yUEhvaGJMSEdYUC9WUXNZdm0vK3FPbzBhdXAyLzZIVWVPcDlCOVp2K0MiLCJtYWMiOiJkODZkMTUyZmU4NzBkZDhiZWQ4ODIzZjc2YzQ4ZDY4NmZiZDY0MDVjNThjMmFjOWEwNDUxNGI0MTM5NWUyYjQzIiwidGFnIjoiIn0="}
POST: []

[2026-06-20 13:53:33] POST /admin_sys/login
COOKIES: {"XSRF-TOKEN":"eyJpdiI6ImlDMnJJRElDUTJJNklBeFo5L3ZVVEE9PSIsInZhbHVlIjoiQkZPSW82K3ZDRmpVNFZFOForTWhjUkRVUjZmQUwwZ1N0M1hGNHUyTHRFRGc2MlZmamZEeHIvNkZTaDdMMGV6NnRhQnhwdG1IckRVcnptS042K2lOSkd1VGxRMWZHQ255NzY1dnNycEM4UDlsRlo1RDVxYUxiUENhUzBoSlhmdUoiLCJtYWMiOiJlODlhOTFlNTc5NGU0NzNhODY0NTgyZmM1ZTRiMjFhOTg4ZDk2ZjY5OTg3YmRjOWFiNGFhMDdhODAxNGU1ZjM4IiwidGFnIjoiIn0=","cracker_demo_session":"eyJpdiI6IlFLdU5RS2xRM2NFVjJzZDc5SlFWQWc9PSIsInZhbHVlIjoieXFab0MxN0VKMGZvQzRpUFM0bkY1ck5iczREQ09kak9NUjZnTGNpYjJWQUhiWTNXeGFRalpxNlQ0Y3JJQjdKTy9ZNWZhcWk4ZGF1eUxwZFhqdUU0S2xVL3B4NHViZEtWZFM2cnVzZmdHcElJRXgrTkNyTEZvSWFYSDIwdUk1VmgiLCJtYWMiOiJjOWM5MTM0NTNiMWE5YjY4NjE4OGFiMzQ3YWIyOGYzZjIyYjNmOTYxOTY0OTMxODE3NTgxZmJiZmM0MzUzOGE1IiwidGFnIjoiIn0="}
POST: {"_token":"OSJYkTFO9DVI0wiEt3lsIWQbIbHql1YxBvWt1SFq","username":"superadmin","password":"superadmin123"}

[2026-06-21 13:12:09] GET /admin_sys/login
COOKIES: {"XSRF-TOKEN":"eyJpdiI6InIxRGlDaWtNb1FIWDdSeWVnUWNnZXc9PSIsInZhbHVlIjoiT1JJQ2tnVFJ6eVNRZnZVanJvRjFsV2ZBU2JHVHFZbE1BMHVTMDRUd1lKcXFSdFE2ZTQyVit6VElVd3VBK25ZeVBtTXFjdXV4TC9NQ1hFY25EU3Z3VWUxaW1kMmt5NWVtWlBrajJ5MXlDem1TTVNyS25JRFdKa2wreldWbjVPVHkiLCJtYWMiOiI2NDMyM2Q0YWE2NzU2M2FjNzg3OGYwZTRkZGRlYWY4ZGNjMmJhNzM4MTg2YjVkZDE3NWZlNjc1NDBlZDJhZGMyIiwidGFnIjoiIn0=","cracker_demo_session":"eyJpdiI6IjVxUFVSTG5MdWlyOW1QcHo0eENZS3c9PSIsInZhbHVlIjoiSEM2eUs2NlBsQWdybUxxK2k2cGl0QjlnRXFqOEQ0NlBhWEYvekRUUWx3bnlTN0Z3dHpmV3dRbmV5alRoTE10UUN5WUMrcytpVU5PT1drZFpWZk5jSTRJVmRPU083WlhuT2pqNmJJdm1XT1g1dXNsd2hFRll5UU5zTHRWTlIrZUIiLCJtYWMiOiIzY2EzZGVmN2VkNTBjZDJmZTNjMzdlODFlZTA4NjgyY2ZhMDYzNThjODhlZTliZjNiNWQ1N2MxZDRjN2JmOGRhIiwidGFnIjoiIn0="}
POST: []

[2026-06-21 13:12:49] POST /admin_sys/login
COOKIES: {"XSRF-TOKEN":"eyJpdiI6Im5CWnduYlkvSEhTUUdqSm1qZTNKZFE9PSIsInZhbHVlIjoiYXowd0tZTUI1ZUJwOE9yV1B0RWdmNjRML3JrNHpOb1daa3VVRGM0TitHejMvYmRKaEN0Vk1mRnpLU0tENnlPSHhGa3ozZFFwYlpwK3ZmSGFXRXVaR2R4eCtIeXJyd1JxbVk5L3cvVGFHV3V2RmJuN1VKNmJ2SDB0WXo0WGtpbTEiLCJtYWMiOiI0MDdjMjgwMGVhMTJlOGJmMjlkZDgzMmI5ZTUyMGY0ZGFmMWUyN2NkNDYyYTQ0YjFjYjAwMDg4MTc2MGIxZTVmIiwidGFnIjoiIn0=","cracker_demo_session":"eyJpdiI6InRQQkNNeVRXYlUydnRBRzJmRHh4SkE9PSIsInZhbHVlIjoiUHNHTTY0RUpEaXBvU2lQWGR2d3dOaWUvT3FiQk10K3R5dWdBU1Y2T2VzVURWZy9ZOWNWc1BWaFhydjQvSTFHaVpneGI4b0Vkdm8wVGVDbjkxbUNXQzFXOWVZUVdQUXVlaHlLY0s4WnBIckZQMVlmenE4WW5mbm9VWnZYNzc4UFgiLCJtYWMiOiJhNzJiMzI3NGQ0NWVkMDVlZjVlNWQ1ZmYzZDA0OWFkODA2MzMzOThkYjFjMmVmNjQyN2NmMWVmY2Q3YzVlMmRlIiwidGFnIjoiIn0="}
POST: {"_token":"GswAM3DroHWSJuZin5U4e70LSyV0D7kcGLwJlPhj","username":"superadmin123","password":"superadmin123"}

[2026-06-21 13:12:50] GET /admin_sys/login
COOKIES: {"XSRF-TOKEN":"eyJpdiI6ImhpeW5Ic0N1R2o1blpqVUJZVVk1N0E9PSIsInZhbHVlIjoiTGdDYUtCSFk1TUx3T285RmFOVUh1ZytFTzV4d25YLytDNGtrNTFNN3Zyb1RlYWg3blliUndDYVBMejJqVWJqM09EWFozUHFwanJYOVRERFc2TEpJUVpPdWNKcFBNWHBUckR6SVZPVnM5Z0Znby9kK2d1VmJZUGZwRTJVaHBwNFkiLCJtYWMiOiJmOWI1NDlhODY1NTFjOGIyMjU3NGQyM2MxMWMzMjBmMDcyMTFjMjEyY2RhNjc2ODcyYmQ2ZDAyYjQ4Y2VjNjA4IiwidGFnIjoiIn0=","cracker_demo_session":"eyJpdiI6IlhjdGpraUhjY0lXdG45YXg1OGQyYVE9PSIsInZhbHVlIjoiOXRFMEJGSWZkV0w1WGVWSGI3Mmw1YmFVaFduemhMR1Z1UFVqL1R0eVlLTFlleUFadVBEUnhqMUdzUkJnMlM2VXhZZ0RQT3hVZEE2M2ttbkVmeUVVOGdGOERNS3Q3ODBPV24rWHN3bC9oeWVta1BpcmNpRkd2VHhjNGJhcGhSSEoiLCJtYWMiOiJlOGM5NDQ3ZTQwODczYjZlNTA5N2E3MmRhNGEzMThhOWIwOTliMjMyMDZlNjQ2NmM5NjM5OWYwMTEwY2YwZjY2IiwidGFnIjoiIn0="}
POST: []

[2026-06-21 13:13:07] POST /admin_sys/login
COOKIES: {"XSRF-TOKEN":"eyJpdiI6ImFJWkJmNGpFOEVQcHlWWjZlKysyaWc9PSIsInZhbHVlIjoieU45TmlhejIzUTBkTTNpL241SkdHZDZ1SzRvZUVPQnJwaFhJRnhmQmtnSzBlcVk4MnJlb25JTk5UV3ZGOWRtVk43eG5LM3NETDdKWVpBMFpSYnZmVHZEbzRlSm10VHhIVmRPK0UrLzVqNy9JUFZ6cE4ybytubzF6V2ZUNTVLdTMiLCJtYWMiOiIyNDMwMmU5MDNiNTMyOGMwN2U4ZmVlNjU3ZTU2YzRmMTE0OTAyYjc3M2E5ZmE3YjZlMTJhYWJjOGRiY2I3MDdjIiwidGFnIjoiIn0=","cracker_demo_session":"eyJpdiI6IlNkY1JqNS9LdVUrZm9lSURVNTRHdmc9PSIsInZhbHVlIjoiaUlyVVdleHlHZVAxeUhpQWxiUllqY1FXeWhRMmRsOXpvcWlzUS9QR09ZSlN1Nng3YzJNQ1lGRzRHZ2Zob0llZXczZ01Cdk95TUdpMDd2aHcxSUpUL3pFZUJuVDFHOEZxeEZaSS8yeG1hUzRiem5SZXVsT0p0WHpZaFd1djY2LzYiLCJtYWMiOiJjZjcxNjZiNjNmZjlkZjZjMTljMzA4YjExNzgzOGI2YTQxNWZjZTYzN2EwMmQwMTM0ODI2MTQ0NWZmMDI4ZmY2IiwidGFnIjoiIn0="}
POST: {"_token":"GswAM3DroHWSJuZin5U4e70LSyV0D7kcGLwJlPhj","username":"superadmin123","password":"superadmin123"}

[2026-06-21 13:13:08] GET /admin_sys/login
COOKIES: {"XSRF-TOKEN":"eyJpdiI6IkFGSC9scExicUVDeFlVZFJyaisweGc9PSIsInZhbHVlIjoib3lQK0libUxnaEJvV1Z6cUx1SGc2VlJWaDdaS0VQblFPbUkxbG1hQUhPRUJxcmVCZWdSa0h0ZlVlaDhVaWpzekR5QXR1bnEwaVB6SlovaDdjZzdkRGxLRTRsdHFBaGhoaEpZZ2V2dkx1cFJKUExGM1BmS1JTTm1melBqckhiV3YiLCJtYWMiOiJlYTJmMzdlZDU2MWY5MTFiZmNhM2Q0NTgzZDUzZGJkZTk4ZjUxOGFmNzZjNjk3ZDg4NzA3OTE4MWMzMDE2NWNjIiwidGFnIjoiIn0=","cracker_demo_session":"eyJpdiI6ImFybHIxSXBCUnFvdm1sSWpXNVdETlE9PSIsInZhbHVlIjoiWERhdTIrN1BRTHJ3UldOSHJvT1MzSTl0dFpLTDFDTWxnWWVRTlJsdHgxNVk3NHNqZTZoYlpkbFd2Tm0xV3RMMXNjZVJKVFBVS2hISnRQTWFxcmRBVWIyT01XV3BjMWM1SlZjUmlMWFFQQVdibWNkb3VvcHE3N2MyRER3aVJYZEIiLCJtYWMiOiI2ZTIxYTI4NmU0YWYxMzNkYzViZGE3YzM0Zjk0NjQyMmZjNTJlNjhiZGNkOThmYzMxYjBmNjQxNTE5NTRhZjA1IiwidGFnIjoiIn0="}
POST: []

[2026-06-21 13:13:27] POST /admin_sys/login
COOKIES: {"XSRF-TOKEN":"eyJpdiI6Ikllb3B6ZHZYRStiWi9iWG1UNy8wTUE9PSIsInZhbHVlIjoiYnBZa3pTVnhXbFd0dy9KcG9kcWUvcDh4V01sU2RIZEVmK293dVF1N2p2WTFRN3p3V0pRZ3dPL1RuSHBGd1dTSUVSYzRwNzhhRnd5bS9kK2VHQ0NCeFQ0TC9HMHVla1M5c3NQZ3I4dy9LNk9zNTkwSlR3aUJWd3lMdWpIa09pbHUiLCJtYWMiOiJkZGI1NTgzMGRhYzMzMDYzOGJhN2E2ZmZhOTg5ZjViMzFlMzQ5MzEyMTVjNGMxNmYzNjEwMzcxMjk4YmQzNzQyIiwidGFnIjoiIn0=","cracker_demo_session":"eyJpdiI6IjdmaTZyR290cjNnTkdPbTU5TCtvZGc9PSIsInZhbHVlIjoiUTRNYVFEdjdsdWllbkw1eWw3Nk5FbmsvOEh1clVnTk05WHh3YnE3c0V1cmhyOGIwNHBSeExHN0RKS0puRll3bEhuUllNcmJYekpzUFNFencrRUZhWURvb3dGUVNCNFprdUIxYzlSRmhpTWgxTXkxaFZiR01Zdm05NGw2OUZseDYiLCJtYWMiOiIzZWUyYjgwYTA2ZTQ4MzJmOTU0Y2RjOTZiOWUwNDc3OGNhNzBlYzU5N2FjOGVjOWM0MDU2YWEzYzBkMjAwNmM4IiwidGFnIjoiIn0="}
POST: {"_token":"GswAM3DroHWSJuZin5U4e70LSyV0D7kcGLwJlPhj","username":"superadmin123","password":"superadmin123"}

[2026-06-21 13:13:28] GET /admin_sys/login
COOKIES: {"XSRF-TOKEN":"eyJpdiI6IkFVczV6ckFwSEtkOVV3NkQwNlhKQUE9PSIsInZhbHVlIjoiN1Nnc3J2TEs3Tm0rMDNXa0RtTURDemc1bWM1ejl4SktMZkJzdVpXcVd4bkxDbkVpK1dhcnlBdmFxU3RuODdOMXRtZXBaR0lkb3BPU3pUTTdNTUpZdmFubm12R0NzMkdON2pDak5ndGl4NHQ3VEM4aWZwQVJ1cWdLUXB5bEkvNTkiLCJtYWMiOiJmNDk5MjUzNTEzMWI5NzAwOGI4YzM3MGVmYWI2NjQ3NzY0N2QzYjU4MDk0MjVjZWYxNWNlMmIzZGU3NWZkODEyIiwidGFnIjoiIn0=","cracker_demo_session":"eyJpdiI6IklJY1dkNGFmWEdqMmdzUWJwTkNWV0E9PSIsInZhbHVlIjoiaEZNei9uODNGZnhLTTMxZko3TUpoNGd1aUZSS2RLemhWdjJ5bVdONnp3d1JrMUZBNXZHalZtOWhaWi80NmoyVGxwSndLcktSbThvdUFXR2VlTUI5dDlIV2I2dFpHQjFiak5SdU4rVkpmSlBva3EzODFYRWNla3FBdjh5MmprRGMiLCJtYWMiOiIyZGQ3NDBhMWU0ZGEyZWViOTJkNWMzZDExZmNhN2JjMmU2ZGYzMjNkNjcwNmE3YzRhNWM4NzA4ZTMxOGU5NWQ4IiwidGFnIjoiIn0="}
POST: []

[2026-06-21 15:33:50] GET /admin_sys/login
COOKIES: {"XSRF-TOKEN":"eyJpdiI6Im50MGp0UHFjZUpoUVZpeWN3QVVtbFE9PSIsInZhbHVlIjoiMGNkMTZNRjh6WTBjQlFXUXNZSitaQkF0aC9UQUk4alk3VUg0WTRNS1BwTEdlUU9CWTBrVlcwZFoxT2gvNUF4VFNQNXk5Y0JxbWRlQUZXSTRPWjFDaEhyQk1KbW4rMEFqKzFBNjJjT1o0QlJzRWpnOTB0NVYwQkZxcHJ0YldCU0QiLCJtYWMiOiI1OWIxZmRmMTNlYWFhMjc3NTlmZGFjY2M4MzY1M2Q5Y2QyY2FhZjRjNTMxNjRjOWU1MTUxN2I4MDFjZDllZDQ5IiwidGFnIjoiIn0=","cracker_demo_session":"eyJpdiI6IlAwQ21WemZPZEYxbmxlT2FmZGRsNWc9PSIsInZhbHVlIjoidGVvM3FIdXJySFpBMHplRnlpMWdIM2JGVExvZWJNNG0zTWE3VXh5N25USlNITExCR1pJc0dnN3Q2L2l5Y0xmcVJHSk5QUi9UOGk3NC9qaElXWG1nTndsWW5tb29nL0pvZE1TaXBkMXhjRkVwNzZjMnRLeUxueUxkcWs4Yk9TRHYiLCJtYWMiOiI3NTM1MTc5OWY4ZDY2YzU3MDAxNWI4YmI4NGFjMjc0NDk4OTIxYmU5MWY3ZWViZWQyMWFjNzFjYmYzMzA3ZjhlIiwidGFnIjoiIn0="}
POST: []

[2026-06-21 15:34:01] POST /admin_sys/login
COOKIES: {"XSRF-TOKEN":"eyJpdiI6IkZoWkpvRXFZazQ0b3EyRHJoakRkbmc9PSIsInZhbHVlIjoiNzVqdE1XcDNMWkNkcTc1L1k2V3c1T3JGR1dyRHlUVThoc0VZM0ZtMGpiUi9TVDVsN1FlZVVtUWh0cDFYaUR4bGR4NlJRakZzMWtNbVI3MC9JRlpMOVRHV2t6N2V1dVNtdEhKNXBnN0RyTEU3bTdaeXl6Q1gzRXc3NDV5em02Y1EiLCJtYWMiOiIyZWQ3NjAyZWQzNDg4MTZkZDA1ZjgyN2VhZDc0OGVhMGFkMmRhYmE0MTAxNGNiN2UyZWY0MTUxNzc0YmNlZDcwIiwidGFnIjoiIn0=","cracker_demo_session":"eyJpdiI6Ik5idDJmbDN5SHdRbWJ4M29Rc2tXRmc9PSIsInZhbHVlIjoiKzliRTBFZ1NINVErVVFQZlBXcDhEY3M2THdmNzZJTFp0bUI5SWloRTk3d3M4MHphT0dqSWZNSGo2SHpQYURzalFJS0xZTHNncjJBakRlZlJMOFZidGtnUmtRWVBmczhPY2kwUE1Oenl0Z0d6VERvTVcwWkxnOG9zdFNRZUdRbjIiLCJtYWMiOiIwMmNlNGZkYTkyODk4ZDBiODUyYzcwZjlhODQwYjlmNzFlZjg5OWNjMTFiY2RhMTcwYTE3YzlkYzlhYjI0YzY2IiwidGFnIjoiIn0="}
POST: {"_token":"sJuGQITgX9FjsSjU8LZVLjGTqo3iPbLQdn72KaBD","username":"superadmin","password":"superadmin123"}

[2026-06-21 15:34:05] POST /admin_sys/login
COOKIES: {"XSRF-TOKEN":"eyJpdiI6Im9EL0pkR3BvMmNIN2JoTzVlNDNlNXc9PSIsInZhbHVlIjoidVVqTFNGdWhBd0E2YktiWVNEdzFYNXQzS3BLTS9MQ0FJRGNqRXAzdmQrZ2dyWEp3Y2p5QkdadDJSUDJJR2dGNTlGTU5WNkIxU3JtNnVMOTd2VnRJZTVpLzlDQ3JmRkhkeTArN3lmR0FLOHVYVkxjN0xFc1dxM2UwTFRMbmFMOFMiLCJtYWMiOiI4NTkzZjA4OTAzMmE0ZTAwOWJjOGJiOWI0YzUyZDk0M2IyMzcyYTIyN2FkZWRiOGNjNWY2NmFiM2U2MzlkNmRhIiwidGFnIjoiIn0=","cracker_demo_session":"eyJpdiI6Ikk1ME8wWGVtVlJ5dTBIWEVLd01RNWc9PSIsInZhbHVlIjoiNDdudE1sT1VGOGh3bWk2Q3ljQzNybk5Fc2cyNDBJSWZOOW9yb1VKOUppTzdFSFlscDUzZ1R5L3ZYKzByS2hNdHNmRERzQVlEVVk2aGwyNllPa2dkcE5QNFJYbzdDUFc1TEhXK0NubG12RVVCQjYxZ1lCZTdpbHE3cjh1T3lQbE4iLCJtYWMiOiIyNTRlMWIxYzYxZDU2YWU2YmM3ZDQ2NDFkMGM1ZGMxMjQyNzc0NDRkZDNmNTQ4NWU0ODI2NDlkMTc1YWVlYjI2IiwidGFnIjoiIn0="}
POST: {"_token":"sJuGQITgX9FjsSjU8LZVLjGTqo3iPbLQdn72KaBD","username":"superadmin","password":"superadmin123"}

[2026-06-22 05:15:32] GET /admin_sys/login
COOKIES: {"XSRF-TOKEN":"eyJpdiI6InBFb0t3eFZZUkY1N1pUMnJqN3Flamc9PSIsInZhbHVlIjoidlJFZ1FETDVGU252dUI4MDhGQU53RG41SHlma0VCR2RCTmRJTFoxM2VETUdCS1VFRjBZK1gyOFU3VmY1Nk9wdmcyR0R1ZVp0a1R5aXp0TER0alNjWGthejVhQTdYa05Qb2Z2MVJNa1F6RW1TenJWZHJZMlc0WlQweUZPRmJaR08iLCJtYWMiOiJmYmI0MzVlM2RmZmI3OTQxN2YwYTdkYzAxMjE2ZjU0YTUxZGNkZDk5NzJmNGUzNTRlYjI0NTI4MDM4MmU4ODVmIiwidGFnIjoiIn0=","cracker_demo_session":"eyJpdiI6InR1dTRsblkvMy85MlBVZTFzQ0hMYWc9PSIsInZhbHVlIjoiL3RNNzJISmROT2EvRHBZYTFrM3E4ZjlkRFRKRzRrSHY5aDNPSGFlTTlGbjhqSkUxRmNaL1RHMXlMZnQxbzRhZXM2aFBwMkdFaXNGOW55d05ZblRyUlZSMk8vUXI5dzZVMHpTTXgwdktMUVNSYWUxcy9YZVZDV3dLMlBoYjAwVHgiLCJtYWMiOiIzMTM3NTc1MTFlNDU3MzE2NzY4YTAxNDA4ZmZkMzBkZGRkYjRhYTkwNGNhNmJiYmJlZjAwNDgzYzYyYTJmYTEyIiwidGFnIjoiIn0="}
POST: []

[2026-06-22 05:15:50] POST /admin_sys/login
COOKIES: {"XSRF-TOKEN":"eyJpdiI6Ii9kT0I5cmQ5WnJyd3EwaHg4a2Faanc9PSIsInZhbHVlIjoiU0dLRUlrMGRhV0E2cE9MMWRnc0tVSnhqR0h3RGd1Q29Jd3FDZG1FcE95RXp5UFdNdjkxRXlwUG81aHNjS3QvNU1rWDAySVI3cmlkSng5Z3MyZENkT04rOCtzZm0vempnYzhZajVBS21IYnZjcjMyclZ5RndhZXBkL0xndXZtWWwiLCJtYWMiOiIzZjhhMzA5MDBmZWM3YWEzMmQ0NDUxYzI1NzEyMzY3ZjVlMmNhMmExZjBlYzgyY2I5OTExNGY0MzdkMDIyOWRkIiwidGFnIjoiIn0=","cracker_demo_session":"eyJpdiI6IlA5ZGJienVSYmFwcG81c1ZQaXJHTFE9PSIsInZhbHVlIjoiay9YYUovTnA5S2NxcGhsUzlFTFNJUExxdU53eGhTYVlRWnBRdFpNWk9FTVhweDVkYUkwbnlPOEpUQXQ5OXdkMGRtL2dhUjJBbUpCakV0UytjS2xybXd1dXJwcmR3QzNNT0VRVjRiemt4WWFKa2xHeHkxZ2l0RnMxVUdpMjVpTzciLCJtYWMiOiI2YWFkODczOTE4N2UyOTZhMjUwOTMwYjBhODcxNDhlOGM0OTE5ZTI0MjgyMjQ5N2M5ZmYyMjhjNDgxMGQzNjRhIiwidGFnIjoiIn0="}
POST: {"_token":"R0q1zGaFBNVz8CWAMNXsWXcMqcIVWor1szbvn6w2","username":"superadmin","password":"superadmin123"}

[2026-06-22 06:46:50] GET /admin_sys/login
COOKIES: []
POST: []

[2026-06-22 06:47:48] POST /admin_sys/login
COOKIES: {"XSRF-TOKEN":"eyJpdiI6Ik9GaTVNQk9NampJVEx5R1o2UnZ5Unc9PSIsInZhbHVlIjoiUDhqNDJHZGRWSzZBdWxXdmgxL1FiUDM1Nmg3bXpFQ3Z2L1JENjcwQWJBS2s5UGJ1RnA4ZGcvTmkwZmcyMTNOMENxb1loL2d6dUErc1BxcDE3K0JZcWRyMDA0Y085anN6OWhqUTNhbXdHWEJqKzhiT3Q1Q0xlRndlaUc0RzBzR3ciLCJtYWMiOiI5NWUwN2NmNjQ5ODRlMjVhOThkY2MxNThkM2NhNmFmZDFhZGFiNWZjYTViNDNhNDFlYTJlYjBiOGJlNDhkMjk4IiwidGFnIjoiIn0=","cracker_demo_session":"eyJpdiI6IklSU3FZM05Xdks0VkJaQ1E2Z25KS0E9PSIsInZhbHVlIjoiWFFOREdlMG1rVko2OHdScHBMVHd1M0xua2dXMlZWTmNZcDN6amdPWHVYWURDSlNldWJocXZQY3hVbDBOaW9JNHNUamkwdkZkTTEzMzE0VlBrV3p5ckh2ZmRubWg1UEJJM0ZONy81dVNZWE9Tcm1EQXhJUDU1cVJ2QW5uVldweU8iLCJtYWMiOiI1NTI4ZDU2ZjMyZWYyYTYwZjhmNTgxYmU5MTRlM2Q4NTJjZjc4ZGI3ZDNmMzAwNThlMDg3YzdiNzVmMmI2YWIzIiwidGFnIjoiIn0="}
POST: {"_token":"QIHj6kWmfqElunuuocYtYCXp7d10LNkbHtcX6ZFm","username":"superadmin","password":"superadmin123"}

[2026-06-22 09:23:33] GET /admin_sys/login
COOKIES: {"XSRF-TOKEN":"eyJpdiI6Ik1FeEdpMUZsMk1RckN1eU9UVGxhS2c9PSIsInZhbHVlIjoiN3FuWGZoUk1QZFdPMmU0YkhHbHV1d2tldXN3SDFzcDROU2htclIyYSs5TkE5Z25MY2FlUkdFK1dSMzFPNUYvZmZqWHJWUUZ4eTFTb01lbXgvV3ZlMHFoVEtBcHZwcGx0NDNrRlRKaSsrdVdXTlVTb2JRVytrRzBiZnd5bFMvUGYiLCJtYWMiOiI3ODgyMDUwZGViZjMyZDkyNzFmNDg0MTM0MWY2MzY3NDg1OGYzMGVlNmYxOTRjYTVjNjZmMjU0OTI0Zjg5ZTgzIiwidGFnIjoiIn0=","cracker_demo_session":"eyJpdiI6ImtlVDFSZEFoN2xVMnpDekVsUHU2MHc9PSIsInZhbHVlIjoiTW41Um5CVk1TM3RmQW1lTWt2L3JHVTdvWFFPd2YxZHY5Zm02Uy9VWlpRR0FSVVBMNzRZWHNzQlRZNVNPUDdpTzZqYkNIR2h2amI4T1RtYnRwT0p5cmF0UmJBZXd2ajhEeC9SOU5jY1lkeDlsOWZ6RDNsYjJ0MXpremo3aGFDZnIiLCJtYWMiOiJkMGEwOTQ1ZWQ3ZjcxODFkOWFlYWIwMjNiMjM3OTk0N2FiYWUzMWYwNDkxNWEwYmQyOTdlZjM4MTczYzczZTdmIiwidGFnIjoiIn0="}
POST: []

[2026-06-22 09:38:16] GET /admin_sys/login
COOKIES: {"XSRF-TOKEN":"eyJpdiI6IldTZU1Jd2JSQlNkZUZuZmtqbkdwcFE9PSIsInZhbHVlIjoiV3N3Um1UT2duc1dsNmY1RWpMdVVZUTREc2Mwa1lRR0NnbndOR1FRQVV6Wk1RUGU5cVdnUjFSU2FkaldJU2pBSWp5MFM4dUt5b1FKWW8wS1JuQWExZ2tFcWs5U1JQTVo0OHlKNFFEZ2liQ1FDTUR1UWhxYy9ZTzdybkYwM0E5SlAiLCJtYWMiOiJkZDg4ODM0ODZkOTk4ZDdkNmIyMWZkNzA2MGViNTk5OTQ3ZWI2N2Q2NWFkMGU5YjMxZDFlYzZlYmIyN2EyYTJmIiwidGFnIjoiIn0=","cracker_demo_session":"eyJpdiI6IjFaNVJkOXkrejMxL25kNnA1SWlLMGc9PSIsInZhbHVlIjoiRW1YYUFMRWFpb05RTEpqdGQ1NGtJMnhRTXFWR08zS3ExSTB6UUJKbmZSOTR2eHdWbjYvcUFweGFrU0FyU1V6WmJrUUpHQitVYnA3QVdBdnl2S000WDkveGF2dEpmelIyWktYRFF4djFFN0l5V0c5RGJyOERLRStqMGdlRkhpNjciLCJtYWMiOiJhZDJhMWJiMmQ2OTU1NDRmZDU5YzIxYWUzNDMzYTVmMzllMTI5MDkyOWJhNzIxZmJiMWYxNWM3MzIzZmJhM2RkIiwidGFnIjoiIn0="}
POST: []

[2026-06-22 09:38:34] POST /admin_sys/login
COOKIES: {"XSRF-TOKEN":"eyJpdiI6ImpXY2ZhajZWY2orb2JSaVJQM0RSeEE9PSIsInZhbHVlIjoiMHp4d0VqaDRsUlRYOVpIcFYxejY5c3UrTzZFa1VaTDQ3UnFkMnpkY2xrdnVsQnlCcDZBWFNVdGxMU2tYVUcwWC90WFV3SGl1U0RNcFVHSUtUelhOOG43WEZOUlhuOW16c0MzTGEzZzBNNDJxWVFqZjNqaGg4Q0k0WnpiV3kyaW4iLCJtYWMiOiIxYzE3Y2I3OWMwMjg2NWQzZjFjNTJhMDI2OGZjNDZkNGJlMmZhNDUyNTA1NDQyNmJlYTcyNGQxOGY4NTkzZDJlIiwidGFnIjoiIn0=","cracker_demo_session":"eyJpdiI6IldkSU5HUS9IU21YdzRuZis4R25pUlE9PSIsInZhbHVlIjoiQUF1a1BJc21YMEdkbVhYc3ZKSzZpT21PbDlvTlJIUHJBZFJBRENIVkMyV2FSVEtsU1c3MHpkenMybXZFYzBGM0cwOTNMdlM0dnhMbU44K1Zrd1M3eXZKOEVzeWlMN2QwNk44bGFUYlF3cENWN1RBTFF6NSs1WTQ5S0Z6cWlDSEwiLCJtYWMiOiIxZTZiMDc1NGQwYmNjMTQ2NDk1NzhmZGQwYmY3ZmU1MTZhZDFkNDgwZmE5YzcxMzcwODUyNmNiMTBmZDk0ZWE4IiwidGFnIjoiIn0="}
POST: {"_token":"R0q1zGaFBNVz8CWAMNXsWXcMqcIVWor1szbvn6w2","username":"superadmin","password":"superadmin123"}

[2026-06-22 15:06:01] GET /admin_sys/login
COOKIES: {"XSRF-TOKEN":"eyJpdiI6ImlON0VxdUZHR2xENkxnaXFrRWRERkE9PSIsInZhbHVlIjoiT2NGYk10S3ZTUkF6dHJYbzRxREV4MG5LWmtZYXJVT2xIT1piUzFXTnRoZk9NR1RkZGVicjVZdVBrNkVZbHpENnB6TjFJb0xjdlBTcTNBYml0bytEVkl0MlhTMUJxdm50SGNaTFMzLy8reDRuV1ZmZXpzZ3JXVFc5UVczVkhqTmoiLCJtYWMiOiI3Y2IyYWFiNDliMmZhYjI1YmM3MDA0MWM0YWMyY2JjZWVmOTYyYzNkOTBiNmIzOWIxNDdkMjA4Njg4N2FkOWNjIiwidGFnIjoiIn0=","cracker_demo_session":"eyJpdiI6IkFzMWZENW5YZTNreGdzVXlMcHI2T1E9PSIsInZhbHVlIjoiSGZ5cVFwWnZJM0p2bnlENUNBQWc5aEhJRW11ZXhOeW0rbnlvL3RQM3R0dmkrN0FnZ2JhdUoyM1FQcVBhczZLSERuOCtSWmhIRVA3elA1M0xkbHJyaXR3anRKUThQRWVxUDhmblRUaWR3VFphTEt4WjhnN3Fzd2JrOE8rWUFRMlAiLCJtYWMiOiI5MTYyMTA5OTU5M2YzZDY3ODc3ODVkNjA2YzlkZjU2YmE0MTg4Y2ExNzhiZWUzZjIwZGRiM2YxN2NhZjcyZGMxIiwidGFnIjoiIn0="}
POST: []

[2026-06-22 15:07:01] POST /admin_sys/login
COOKIES: {"XSRF-TOKEN":"eyJpdiI6IjhnQzVob25GQkMxS2lyakpEclVWc3c9PSIsInZhbHVlIjoiS0wwMGJNV3V5RVFnY1JaT1kyZGFVNDlCNElPTnRMOGo0cGY1UHZ2clVXR2hSaUhYQ0ZqUzRhTTllaVhtUGxMRk5nb3VKN09wdndQUmJnWW84cWxPVk0vZzRDSU9KWHlCSUExWU9iZEFWMDJxY2ppbGp0TGtBZENZbEowbURtenIiLCJtYWMiOiJhNjk4ZTViOWM3MzJiNDY3ZGRkZmMwYWYwZTRiMWYxZjZjOWIxNGUzMDg2ZjY4OThiMWQwMGU1NzhhM2VkODdkIiwidGFnIjoiIn0=","cracker_demo_session":"eyJpdiI6ImlLRzVkTmJwOHJlSmFNRlBRdmdlQVE9PSIsInZhbHVlIjoiSnBmcjU2NC82T2ZmWnlVRjVka005cW4zTkRtNXAwT2E3SDRYaXZsOVRmcm0xNlFyUWx3WlduNUxHM3dUcXlZbXc2dWpNTjVZSkRBaTE2THFoeUREMnlWZDA4a2QxR3U3WU83MFVzK1g4NVNEZW5EUEJGTzE2SXBoTWR4NlNlLzMiLCJtYWMiOiI4ZDE5NmUxYzRjNWRiZWMyYWIyY2QzMTkwMjExMjNkNGQxYjZhOGRlMWMwNjg5Y2VkMjdjYzhkNWZhYTJlYzg1IiwidGFnIjoiIn0="}
POST: {"_token":"4DwRrNxoePTky5bCmk7JtdKJkMHcw1uHXjVPx7Ng","username":"superadmin","password":"superadmin123"}

[2026-06-22 16:21:29] GET /admin_sys/login
COOKIES: {"XSRF-TOKEN":"eyJpdiI6Im91SGxHNWFBNmpEZFNhTGVCMy9aM0E9PSIsInZhbHVlIjoiekI3M0J3OUV5Y1pFSnZqN1YwL2RkSXdGejNrL3ByQjdlTG5waitPUjFyK2RQd3ZWMldYTmVodTFMNDdiNkV3ZEg5aXdvQnovemhOQ1FBTTdEZjJ0Uzd1eGlVQmY2RE00SjdlTmMzN2l0ZmRmT2ZDY2ZmbmVlVU0rZTkyWVJualMiLCJtYWMiOiI1MDg2ZjRkY2FjYjBjMGFiNzIyNmQ4N2I3ZjgxNGI2M2EyNDFjNzE2OGY5ZmI5NmIwNDk2YmQzOTMwYWU0NTNmIiwidGFnIjoiIn0=","cracker_demo_session":"eyJpdiI6IndjUEpET3VKcWRWamdRS3NGWnlJdGc9PSIsInZhbHVlIjoibUVxZ0dWU0xsOU8zV3RCT0dMaWFnYS8vb3pNWTZWU1dCdGVCRld4WDNRQVVlT0FMYTFmNWxyVmo5c0tUdVpuVG14bjY1b0Y4a2tRZ2t1cHVpNW5uNkh2SStwTzNFTFhjYzNCZmovQThmdlFWeWVQaUdmSEp6RFVhNGN4alNJMGEiLCJtYWMiOiJlYmNlNjJlMmI0OTY4MGE2MjY3ZmIxNmI3Y2NmNTM2ZjMzMDJlNjIzOWNiNGY3YjZiOWZkNjM3NmVhNzdmYjMyIiwidGFnIjoiIn0="}
POST: []

[2026-06-22 16:22:27] POST /admin_sys/login
COOKIES: {"XSRF-TOKEN":"eyJpdiI6ImJVaUg0czVwaCtNWmRWQ3dOWVpERmc9PSIsInZhbHVlIjoicVF6ZFpTV1pWMWJEaUVsUSt0MllWaHN1azhpb0lyaGZiaGtiTndySm1TUG9YOCtkTlFNRzB5ZmtaODNzamxJaVpmMHRsWnJFak5vQ0xsdDdhOHRGdVo3Wjl1Z0R6OUNjeWlrS3JGR1dGekdsQWh5dGdLQXArNFhxSDBsVkh3Tm0iLCJtYWMiOiJhZTU2NDg4OWI1OTExZTg5M2ZlZmI3YmE5M2M2MWJlYTc4YWY0ZWFlZTZiZjFhY2Q3OTk2MzIxYzI5YzZiYjNhIiwidGFnIjoiIn0=","cracker_demo_session":"eyJpdiI6IkZCUDJSSERUSi9jaU9EcEtPVDA4Y3c9PSIsInZhbHVlIjoidjg0K3AyYmZ2WHZncUpaQkNvbFFialpubnhMa1NoSFh6M2l3YUxUNTRpcWdiSXpPK2dZSXhkMDI4bXAxN0pGVkNyeFpFYnNSZ291dEo5ZFU0MkZSMFBGYUpZUTJtQWl1WkVkMWd0MVh3VWE1dlM4Z2prN2ltN3hTbFFqajViL0EiLCJtYWMiOiI3ZDU0OWJjNDZiNGY3NDU4MzU3NmQ3NTNkZDY2YjdiNTA0ZTdmN2U0MTgwNGQwNTNhYmY2MDVlMTcxYjRkYzc2IiwidGFnIjoiIn0="}
POST: {"_token":"Sj2TDFSaFKElpv7DUyI97c5dSaQxAVLiFpnHcsrs","username":"superadmin","password":"superadmin123"}

[2026-06-22 17:10:15] GET /admin_sys/login
COOKIES: {"XSRF-TOKEN":"eyJpdiI6Inh4emsrVUxHT1NBMy84SlZUWHNXckE9PSIsInZhbHVlIjoiQlArZFltTHBQeHpGS3hiT1FEWmVZTmUxTW5xTkFzczA5MEJMU2lpeVJjNnMzV00vUllvdUc5cHhIMlpsczh0YWR1eGNLWVVpQjA0dk54dFlBQ3ZNcFRablFxdFladkxtc25aMGdBTlpKa1Ava2Nua1k4ZUlORXRRdmxRSG5JOUIiLCJtYWMiOiI1YzM3OTdmNmFhYTdjYTZiNjNiYzVjNTE0YzUxZjZmMzg5ZDA1YWJlY2Q2OThmMTQ4ZDNlN2UyZWFjNjQ0ZjlkIiwidGFnIjoiIn0=","cracker_demo_session":"eyJpdiI6IjQvdHpOYmd5a0oyekdwcUxGTFA4b3c9PSIsInZhbHVlIjoiUmRCUm81S3BWV3FSekFvUFRhaDZqTlRlc3o5bjBjWm12a2FzY1BZL3NLNFRjR0svOVVUaDNHSzBIcGgzQjZIcVpNQU9WaWlhQ1JJSFpFaGtUYk9JamxPbzdkZTNHNGV1VzlOcy81L2krWUVTOXArZ1h2emFiWldtVnIwTlBpaisiLCJtYWMiOiI5ZTI5ZmVmNmVhODM5ZjAzODRmY2YyOWI1ZmU2NGI3M2MzMTBmOWJmOWVmNTQ2NjMxYjcwYWFkODU4ZjQ0ZTUwIiwidGFnIjoiIn0="}
POST: []

[2026-06-23 05:03:45] GET /admin_sys/login
COOKIES: {"XSRF-TOKEN":"eyJpdiI6Ik43WHIyTDRoeGExcjh3RGxNUFRud2c9PSIsInZhbHVlIjoiekE5MTVOcTlyU0FCNlMyRG1OSWUwNmViNm1SY1g1YmZiMndyTE5adkFqZFBkdXM5NDVBaXJHVzlsV0dpMEVvMkkzV3NGQVFMVlIrT1VBMFpoRE5sL2xsbmJlc0JvTEhPMDRZM1REREx3SUFkN0tiRyt3VjlROUNJL1lhSTZEWG0iLCJtYWMiOiIzNzk0Zjg2ZGY3MTI1NzkyMDczOTA5MGY4ODVmN2RiZDljM2MxN2U3NjVlZTAxZjc3MjUxOWFlOWIzMjhmOWUxIiwidGFnIjoiIn0=","cracker_demo_session":"eyJpdiI6InMvWUh6OUJ1ekswVHJvMTNxT3pMQ1E9PSIsInZhbHVlIjoicFoxcmQxWmRua1VhbVVtSmtsWDJ2M2NFWlpCYUUzTm4yWFhES2RPWFp4ZTlubm10a2h6ZWNyYlQvUDRsWWpsUFJ2NG9nczJqWEN2Qnhvc2xZRVk2elJtdk16M0NLV1pMK0ZsZzZtOUd1RzNPN3hUWXRCbFdSSkJFNzloMHlwZmIiLCJtYWMiOiJiMTczOGZjOWQ2ZTQ0Y2E1ZDUxNDY2NGZkMzkyNThkZWM2NTQ1YjQ2ZmZiOTI1NjgxMjMwOTk5YzkxOTBkYmMxIiwidGFnIjoiIn0="}
POST: []

[2026-06-23 05:04:02] GET /admin_sys/login
COOKIES: {"XSRF-TOKEN":"eyJpdiI6IlE1SGw5ZkxWWEpFLzZjYWJ0M3J4MEE9PSIsInZhbHVlIjoiVFBEaUZvb2ova2tIbGRBY3pmck1rTHphWDlnUUMrZm1IUERUNlVReE40bHJBeTJ1VVZBMno3WG9mMHhESmFoOE82T2paYUhlZjdXR1hlL0ZXbCtHcWNlUHFobkJ2K1dIVGh5KzcvTWlSbHp1NkozSC9qaHhzbXVITlhZeklIaUsiLCJtYWMiOiI5YWYxZGU3ZDY5NDkwMzJiZGIyNWEwMDZlOWE0ZWIxNjRhOGNiMmIxMTk4ODhjMmFkN2Y4ZmRiYWVhN2Q0Y2FhIiwidGFnIjoiIn0=","cracker_demo_session":"eyJpdiI6Ik8yU0F1TGFBeHFhOFgzdGtBbGNjNUE9PSIsInZhbHVlIjoiWVhWTzk0VXQzU3pla2FvY3BpT0djMDZXc0laK21TNDBmbHVFK2w5TjRUM3hkeVF2SjR2ZTN6LzQ5TzgyaXVQOUhTU3h1SmozOVZnMzlRMUFrd2s5TDNDNnRvWUZ1TkMrLzJTdTZFc3NWQVdWWEhDTzkwSFhyTEp5aEQyMUg5dVAiLCJtYWMiOiI0ZjUzNTMyZGQ4Mjk3MTA2NTZhYTI3YzI4ZjEwODVmMTMxN2UzOWYyZGEwMWVmZjY5OTUxOWE4NjQyNTIzMmI3IiwidGFnIjoiIn0="}
POST: []

[2026-06-23 05:04:30] POST /admin_sys/login
COOKIES: {"XSRF-TOKEN":"eyJpdiI6IjVJaFlMSWtaaHZzQjZhVXhYME53U2c9PSIsInZhbHVlIjoiQ292ZXJnK3oxbHBMemVobG4vd2lsZEJxMy9Qck4wenlkZUJMa2ZMR3pTeUJzU1hjSUJXVTRMSWZ4N1lYc2RVOHNXVWZlbFEwK0x3OVlPUUtxWi96cEE3N1JjdUdZUzlmaUUyUDVuOG5ramRlVkVTb1o0TEhlNXBsNXZkNmtxYVciLCJtYWMiOiI1YzVmYzI3ZDFhN2Q2Yjc4MWYyYTZiM2Q0Yzg2YmQxYWRlNjUyZTlmNmVkNWE3MjE4N2Q4ZDhiODM4MjI5ZWYxIiwidGFnIjoiIn0=","cracker_demo_session":"eyJpdiI6Iit4ZjN5ajlnWnF1T01iSEd5STZvbGc9PSIsInZhbHVlIjoiZW5SVFpYQWNNS0lWd3VXeVR4L0xSTmVJV1ZqR294cVNjWnVmTUlIZWxSMFcxakEzQy9DenFnSWZEVE9ZN1RQcEZLOXMwemw1MGF6eVZWQVdQZ29ZY3pqdFRXV1JhVkVsRWdSRUpqSG04QWE2SzJ6d3k2UzhhTXZaRkpsRUU2WTEiLCJtYWMiOiIzZjNhZTZhNjBkNGE1MjVkNmM1M2Y4YzA0M2VkYzljOGNiZDE4YWJhN2U3NjkwMDhkOGMwZTU1YTJmMjNhNmI2IiwidGFnIjoiIn0="}
POST: {"_token":"h6NJaAVb2fFBWWh7SSrSNVniZO7IhXBf7JpkbQLk","username":"superadmin","password":"superadmin123"}

